<?xml version="1.0" encoding="UTF-8"?>
<!-- Generated by org.testng.reporters.JUnitXMLReporter -->
<testsuite ignored="0" hostname="DESKTOP-CANTE29" failures="0" tests="3" name="Regression Tests" time="29.603" errors="0" timestamp="2026-03-30T09:44:29 EDT">
  <testcase classname="com.demo.tests.LoginTests" name="loginWithLockedOutUser" time="3.454"/>
  <testcase classname="com.demo.tests.LoginTests" name="loginWithValidCredentials" time="3.4"/>
  <testcase classname="com.demo.tests.E2ETests" name="completeCheckoutWithTwoProducts" time="10.398"/>
</testsuite> <!-- Regression Tests -->
