<?xml version="1.0" encoding="UTF-8"?>
<testsuite xmlns:xsi="http://www.w3.org/2001/XMLSchema-instance" xsi:noNamespaceSchemaLocation="https://maven.apache.org/surefire/maven-surefire-plugin/xsd/surefire-test-report-3.0.xsd" version="3.0" name="TestSuite" time="32.913" tests="3" errors="0" skipped="0" failures="1">
  <properties>
[...]
</properties>
  <testcase name="loginWithLockedOutUser" classname="com.demo.tests.LoginTests" time="1.115">
    <system-out><![CDATA[[13:09:11] [TEST START] loginWithLockedOutUser
[13:09:11] [TEST START] completeCheckoutWithTwoProducts
[13:09:11] [INFO] Navigated to: https://www.saucedemo.com
[13:09:11] [INFO] STEP 1: Login
[13:09:11] [INFO] Login with user: locked_out_user
[13:09:11] [INFO] Login with user: standard_user
[13:09:11] [TEST START] loginWithValidCredentials
[13:09:11] [INFO] Navigated to: https://www.saucedemo.com
[13:09:11] [INFO] Login with user: standard_user
[13:09:11] [INFO] Entered username: standard_user
[13:09:11] [INFO] Entered username: locked_out_user
[13:09:11] [INFO] Entered username: standard_user
[13:09:11] [INFO] Entered password
[13:09:11] [INFO] Entered password
[13:09:12] [INFO] Entered password
[13:09:12] [INFO] Clicked Login button
[13:09:12] [INFO] Verifying locked-out error message is shown
[13:09:12] [INFO] Clicked Login button
[13:09:12] [INFO] Clicked Login button
[13:09:12] [INFO] Verifying Dashboard page is displayed
[13:09:12] [INFO] Error message: Epic sadface: Sorry, this user has been locked out.
[13:09:12] [INFO] STEP 2: Add two products to cart
[13:09:12] [PASS] loginWithLockedOutUser (1s)
]]></system-out>
    <system-err><![CDATA[SLF4J: Failed to load class "org.slf4j.impl.StaticLoggerBinder".
SLF4J: Defaulting to no-operation (NOP) logger implementation
SLF4J: See http://www.slf4j.org/codes.html#StaticLoggerBinder for further details.
Mar 28, 2026 1:09:09 PM org.openqa.selenium.devtools.CdpVersionFinder findNearestMatch
WARNING: Unable to find CDP implementation matching 145
Mar 28, 2026 1:09:09 PM org.openqa.selenium.devtools.CdpVersionFinder findNearestMatch
WARNING: Unable to find CDP implementation matching 145
Mar 28, 2026 1:09:09 PM org.openqa.selenium.devtools.CdpVersionFinder findNearestMatch
WARNING: Unable to find CDP implementation matching 145
Mar 28, 2026 1:09:09 PM org.openqa.selenium.chromium.ChromiumDriver lambda$new$5
WARNING: Unable to find version of CDP to use for 145.0.7632.160. You may need to include a dependency on a specific version of the CDP using something similar to `org.seleniumhq.selenium:selenium-devtools-v86:4.15.0` where the version ("v86") matches the version of the chromium-based browser you're using and the version number of the artifact is the same as Selenium's.
Mar 28, 2026 1:09:09 PM org.openqa.selenium.chromium.ChromiumDriver lambda$new$5
WARNING: Unable to find version of CDP to use for 145.0.7632.160. You may need to include a dependency on a specific version of the CDP using something similar to `org.seleniumhq.selenium:selenium-devtools-v86:4.15.0` where the version ("v86") matches the version of the chromium-based browser you're using and the version number of the artifact is the same as Selenium's.
Mar 28, 2026 1:09:09 PM org.openqa.selenium.chromium.ChromiumDriver lambda$new$5
WARNING: Unable to find version of CDP to use for 145.0.7632.160. You may need to include a dependency on a specific version of the CDP using something similar to `org.seleniumhq.selenium:selenium-devtools-v86:4.15.0` where the version ("v86") matches the version of the chromium-based browser you're using and the version number of the artifact is the same as Selenium's.
]]></system-err>
  </testcase>
  <testcase name="loginWithValidCredentials" classname="com.demo.tests.LoginTests" time="1.287">
    <system-out><![CDATA[[13:09:12] [INFO] Dashboard page displayed: true
[13:09:12] [PASS] loginWithValidCredentials (1s)
]]></system-out>
  </testcase>
  <testcase name="completeCheckoutWithTwoProducts" classname="com.demo.tests.E2ETests" time="22.024">
    <failure message="Cart badge should show 2 items expected [2] but found [0]" type="java.lang.AssertionError"><![CDATA[java.lang.AssertionError: Cart badge should show 2 items expected [2] but found [0]
	at org.testng.Assert.fail(Assert.java:111)
	at org.testng.Assert.failNotEquals(Assert.java:1578)
	at org.testng.Assert.assertEqualsImpl(Assert.java:150)
	at org.testng.Assert.assertEquals(Assert.java:132)
	at org.testng.Assert.assertEquals(Assert.java:1419)
	at org.testng.Assert.assertEquals(Assert.java:1383)
	at com.demo.tests.E2ETests.completeCheckoutWithTwoProducts(E2ETests.java:36)
	at java.base/jdk.internal.reflect.NativeMethodAccessorImpl.invoke0(Native Method)
	at java.base/jdk.internal.reflect.NativeMethodAccessorImpl.invoke(NativeMethodAccessorImpl.java:64)
	at java.base/jdk.internal.reflect.DelegatingMethodAccessorImpl.invoke(DelegatingMethodAccessorImpl.java:43)
	at java.base/java.lang.reflect.Method.invoke(Method.java:564)
	at org.testng.internal.invokers.MethodInvocationHelper.invokeMethod(MethodInvocationHelper.java:139)
	at org.testng.internal.invokers.TestInvoker.invokeMethod(TestInvoker.java:664)
	at org.testng.internal.invokers.TestInvoker.invokeTestMethod(TestInvoker.java:227)
	at org.testng.internal.invokers.MethodRunner.runInSequence(MethodRunner.java:50)
	at org.testng.internal.invokers.TestInvoker$MethodInvocationAgent.invoke(TestInvoker.java:957)
	at org.testng.internal.invokers.TestInvoker.invokeTestMethods(TestInvoker.java:200)
	at org.testng.internal.invokers.TestMethodWorker.invokeTestMethods(TestMethodWorker.java:148)
	at org.testng.internal.invokers.TestMethodWorker.run(TestMethodWorker.java:128)
	at java.base/java.util.concurrent.ThreadPoolExecutor.runWorker(ThreadPoolExecutor.java:1130)
	at java.base/java.util.concurrent.ThreadPoolExecutor$Worker.run(ThreadPoolExecutor.java:630)
	at java.base/java.lang.Thread.run(Thread.java:832)
]]></failure>
    <system-out><![CDATA[[13:09:12] [INFO] Added to cart: Sauce Labs Backpack @ $29.99
[13:09:13] [INFO] Added to cart: Sauce Labs Bike Light @ $9.99
[13:09:23] [INFO] Cart badge count: 0
[13:09:23] [INFO] Expected subtotal: $39.98
[13:09:33] [FAIL] completeCheckoutWithTwoProducts - Cart badge should show 2 items expected [2] but found [0]
]]></system-out>
  </testcase>
</testsuite>