<?xml version="1.0" encoding="UTF-8"?>
<!-- Generated by org.testng.reporters.JUnitReportReporter -->
<testsuite hostname="DESKTOP-CANTE29" failures="0" tests="2" name="com.demo.tests.LoginTests" time="15.817" errors="0" timestamp="2026-03-30T09:44:29 EDT" skipped="0">
  <testcase classname="com.demo.tests.LoginTests" name="loginWithValidCredentials" time="9.611"/>
  <system-out/>
  <testcase classname="com.demo.tests.LoginTests" name="loginWithLockedOutUser" time="6.206"/>
  <system-out/>
</testsuite> <!-- com.demo.tests.LoginTests -->
